  ContourWalker.cpp
D:\VS\ContourWalker\ContourWalker\ContourWalker.cpp(10,45): warning C4091: static : пропускается слева от "DetailEnum", когда ни одна переменная не объявлена
D:\VS\ContourWalker\ContourWalker\ContourWalker.cpp(11,80): warning C4091: static : пропускается слева от "ReaderBikesEnum", когда ни одна переменная не объявлена
D:\VS\ContourWalker\ContourWalker\ContourWalker.cpp(12,74): warning C4091: static : пропускается слева от "ReaderSettingEnum", когда ни одна переменная не объявлена
D:\VS\ContourWalker\ContourWalker\ContourWalker.cpp(13,47): warning C4091: static : пропускается слева от "lineDirectionn", когда ни одна переменная не объявлена
D:\VS\ContourWalker\ContourWalker\ContourWalker.cpp(217,1): warning C4267: =: преобразование из "size_t" в "int"; возможна потеря данных
D:\VS\ContourWalker\ContourWalker\ContourWalker.cpp(240,59): warning C4244: =: преобразование "float" в "int", возможна потеря данных
D:\VS\ContourWalker\ContourWalker\ContourWalker.cpp(243,51): warning C4244: =: преобразование "float" в "int", возможна потеря данных
D:\VS\ContourWalker\ContourWalker\ContourWalker.cpp(246,51): warning C4244: =: преобразование "float" в "int", возможна потеря данных
D:\VS\ContourWalker\ContourWalker\ContourWalker.cpp(494,1): warning C4267: +=: преобразование из "size_t" в "_Ty2"; возможна потеря данных
          with
          [
              _Ty2=int
          ]
D:\VS\ContourWalker\ContourWalker\ContourWalker.cpp(528,1): warning C4244: +=: преобразование "double" в "float", возможна потеря данных
D:\VS\ContourWalker\ContourWalker\ContourWalker.cpp(556,1): warning C4244: +=: преобразование "double" в "float", возможна потеря данных
D:\VS\ContourWalker\ContourWalker\ContourWalker.cpp(583,1): warning C4244: +=: преобразование "double" в "float", возможна потеря данных
D:\VS\ContourWalker\ContourWalker\ContourWalker.cpp(598,1): warning C4244: +=: преобразование "double" в "float", возможна потеря данных
D:\VS\ContourWalker\ContourWalker\ContourWalker.cpp(610,58): warning C4244: аргумент: преобразование "double" в "unsigned int", возможна потеря данных
D:\VS\ContourWalker\ContourWalker\ContourWalker.cpp(610,47): warning C4244: аргумент: преобразование "double" в "unsigned int", возможна потеря данных
D:\VS\ContourWalker\ContourWalker\ContourWalker.cpp(632,35): warning C4305: аргумент: усечение из "double" в "float"
D:\VS\ContourWalker\ContourWalker\ContourWalker.cpp(634,35): warning C4305: аргумент: усечение из "double" в "float"
C:\Program Files (x86)\Microsoft Visual Studio\2019\Community\VC\Tools\MSVC\14.29.30133\include\utility(242,61): warning C4244: инициализация: преобразование "_Ty" в "_Ty2", возможна потеря данных
          with
          [
              _Ty=double
          ]
          and
          [
              _Ty2=float
          ]
D:\VS\ContourWalker\ContourWalker\ContourWalker.cpp(110): message : выполняется компиляция ссылки на экземпляр шаблон функции "std::pair<float,float>::pair<float,double,0>(std::pair<float,double> &&) noexcept"
D:\VS\ContourWalker\ContourWalker\ContourWalker.cpp(110): message : выполняется компиляция ссылки на экземпляр шаблон функции "std::pair<float,float>::pair<float,double,0>(std::pair<float,double> &&) noexcept"
  ContourWalker.vcxproj -> D:\VS\ContourWalker\x64\Debug\ContourWalker.exe
